Using pre-set license
Built from '2020.2/staging' branch; Version is '2020.2.3f1 (8ff31bc5bf5b) revision 9433883'; Using compiler version '192528614'; Build Type 'Release'
OS: 'Windows 10 Home; OS build 18363.1316; Version 1909; 64bit' Language: 'en' Physical Memory: 16303 MB
BatchMode: 1, IsHumanControllingUs: 0, StartBugReporterOnCrash: 0, Is64bit: 1, IsPro: 0

 COMMAND LINE ARGUMENTS:
D:\Program Files\Unity\2020.2.3f1\Editor\Unity.exe
-adb2
-batchMode
-noUpm
-name
AssetImportWorker0
-projectPath
D:/Users/Vinicius/Documents/Unity Projects/Lab 01
-logFile
Logs/AssetImportWorker0.log
-srvPort
51883
Successfully changed project path to: D:/Users/Vinicius/Documents/Unity Projects/Lab 01
D:/Users/Vinicius/Documents/Unity Projects/Lab 01
Using Asset Import Pipeline V2.
Refreshing native plugins compatible for Editor in 57.17 ms, found 1 plugins.
Preloading 0 native plugins for Editor in 0.00 ms.
Initialize engine version: 2020.2.3f1 (8ff31bc5bf5b)
[Subsystems] Discovering subsystems at path D:/Program Files/Unity/2020.2.3f1/Editor/Data/Resources/UnitySubsystems
[Subsystems] Discovering subsystems at path D:/Users/Vinicius/Documents/Unity Projects/Lab 01/Assets
GfxDevice: creating device client; threaded=0
Direct3D:
    Version:  Direct3D 11.0 [level 11.0]
    Renderer: NVIDIA GeForce GTX 860M (ID=0x119a)
    Vendor:   
    VRAM:     2007 MB
    Driver:   25.21.14.2531
Initialize mono
Mono path[0] = 'D:/Program Files/Unity/2020.2.3f1/Editor/Data/Managed'
Mono path[1] = 'D:/Program Files/Unity/2020.2.3f1/Editor/Data/MonoBleedingEdge/lib/mono/unityjit'
Mono config path = 'D:/Program Files/Unity/2020.2.3f1/Editor/Data/MonoBleedingEdge/etc'
Using monoOptions --debugger-agent=transport=dt_socket,embedding=1,server=y,suspend=n,address=127.0.0.1:56256
Begin MonoManager ReloadAssembly
Registering precompiled unity dll's ...
Register platform support module: D:/Program Files/Unity/2020.2.3f1/Editor/Data/PlaybackEngines/WindowsStandaloneSupport/UnityEditor.WindowsStandalone.Extensions.dll
Registered in 0.002348 seconds.
Native extension for WindowsStandalone target not found
Refreshing native plugins compatible for Editor in 53.99 ms, found 1 plugins.
Preloading 0 native plugins for Editor in 0.00 ms.
Invoked RoslynAnalysisRunner static constructor.
RoslynAnalysisRunner will not be running.
RoslynAnalysisRunner has terminated.
Mono: successfully reloaded assembly
- Completed reload, in  6.534 seconds
Platform modules already initialized, skipping
Registering precompiled user dll's ...
Registered in 0.002485 seconds.
Begin MonoManager ReloadAssembly
Native extension for WindowsStandalone target not found
Refreshing native plugins compatible for Editor in 61.87 ms, found 1 plugins.
Preloading 0 native plugins for Editor in 0.00 ms.
Invoked RoslynAnalysisRunner static constructor.
RoslynAnalysisRunner will not be running.
RoslynAnalysisRunner has terminated.
Mono: successfully reloaded assembly
- Completed reload, in  1.650 seconds
Platform modules already initialized, skipping
========================================================================
Worker process is ready to serve import requests
Launched and connected shader compiler UnityShaderCompiler.exe after 0.10 seconds
Refreshing native plugins compatible for Editor in 0.95 ms, found 1 plugins.
Preloading 0 native plugins for Editor in 0.00 ms.
Unloading 1769 Unused Serialized files (Serialized files now loaded: 0)
System memory in use before: 83.5 MB.
System memory in use after: 83.6 MB.

Unloading 19 unused Assets to reduce memory usage. Loaded Objects now: 2215.
Total: 3.176600 ms (FindLiveObjects: 0.326400 ms CreateObjectMapping: 0.109500 ms MarkObjects: 2.641300 ms  DeleteObjects: 0.097800 ms)

========================================================================
Received Import Request.
  path: Assets/_Scenes/MainScene.unity
  artifactKey: Guid(2cda990e2423bbf4892e6590ba056729) Importer(815301076,1909f56bfc062723c751e8b465ee728b)
Start importing Assets/_Scenes/MainScene.unity using Guid(2cda990e2423bbf4892e6590ba056729) Importer(815301076,1909f56bfc062723c751e8b465ee728b)  -> (artifact id: '1215f46ea5d6ab9956b89139df29f8fd') in 0.133778 seconds
  Import took 0.137958 seconds .

========================================================================
Received Import Request.
  Time since last request: 8597.609493 seconds.
  path: Assets/_Scripts
  artifactKey: Guid(dcbb904a110de154bb7f037123ec4a3a) Importer(815301076,1909f56bfc062723c751e8b465ee728b)
Start importing Assets/_Scripts using Guid(dcbb904a110de154bb7f037123ec4a3a) Importer(815301076,1909f56bfc062723c751e8b465ee728b)  -> (artifact id: '5bd57f52474fd23f2cc8d1fec78f68d8') in 0.008652 seconds
  Import took 0.016896 seconds .

========================================================================
Received Import Request.
  Time since last request: 560.324532 seconds.
  path: Assets/Prefab
  artifactKey: Guid(1e92412276fdb444cbb281d53c061396) Importer(815301076,1909f56bfc062723c751e8b465ee728b)
Start importing Assets/Prefab using Guid(1e92412276fdb444cbb281d53c061396) Importer(815301076,1909f56bfc062723c751e8b465ee728b)  -> (artifact id: '09f1e137c4e6d68049d59076fc3baf4e') in 0.007383 seconds
  Import took 0.012865 seconds .

========================================================================
Received Import Request.
  Time since last request: 4.382036 seconds.
  path: Assets/Prefab/Letter.prefab
  artifactKey: Guid(2090444b54ed14d45a94406f04dd7dc3) Importer(815301076,1909f56bfc062723c751e8b465ee728b)
Start importing Assets/Prefab/Letter.prefab using Guid(2090444b54ed14d45a94406f04dd7dc3) Importer(815301076,1909f56bfc062723c751e8b465ee728b)  -> (artifact id: 'aa51e663a99de3e47b22589a7fcea1f4') in 0.186523 seconds
  Import took 0.191883 seconds .

========================================================================
Received Import Request.
  Time since last request: 222.657960 seconds.
  path: Assets/_Scripts/WordManager.cs
  artifactKey: Guid(243c2dc29c504db4888cd1a7f93789f9) Importer(815301076,1909f56bfc062723c751e8b465ee728b)
Start importing Assets/_Scripts/WordManager.cs using Guid(243c2dc29c504db4888cd1a7f93789f9) Importer(815301076,1909f56bfc062723c751e8b465ee728b)  -> (artifact id: '57872538075b23f8efc3959d945d64ff') in 0.084925 seconds
  Import took 0.091696 seconds .

========================================================================
Received Prepare
Registering precompiled user dll's ...
Registered in 0.002732 seconds.
Begin MonoManager ReloadAssembly
Native extension for WindowsStandalone target not found
Refreshing native plugins compatible for Editor in 1.51 ms, found 1 plugins.
Preloading 0 native plugins for Editor in 0.00 ms.
Invoked RoslynAnalysisRunner static constructor.
RoslynAnalysisRunner will not be running.
RoslynAnalysisRunner has terminated.
Mono: successfully reloaded assembly
- Completed reload, in  1.454 seconds
Platform modules already initialized, skipping
Refreshing native plugins compatible for Editor in 0.47 ms, found 1 plugins.
Preloading 0 native plugins for Editor in 0.00 ms.
Unloading 1774 Unused Serialized files (Serialized files now loaded: 0)
System memory in use before: 85.4 MB.
System memory in use after: 84.9 MB.

Unloading 21 unused Assets to reduce memory usage. Loaded Objects now: 2218.
Total: 3.751700 ms (FindLiveObjects: 0.297900 ms CreateObjectMapping: 0.195500 ms MarkObjects: 2.628700 ms  DeleteObjects: 0.627900 ms)

========================================================================
Received Prepare
Registering precompiled user dll's ...
Registered in 0.001947 seconds.
Begin MonoManager ReloadAssembly
Native extension for WindowsStandalone target not found
Refreshing native plugins compatible for Editor in 0.51 ms, found 1 plugins.
Preloading 0 native plugins for Editor in 0.00 ms.
Invoked RoslynAnalysisRunner static constructor.
RoslynAnalysisRunner will not be running.
RoslynAnalysisRunner has terminated.
Mono: successfully reloaded assembly
- Completed reload, in  1.895 seconds
Platform modules already initialized, skipping
Refreshing native plugins compatible for Editor in 0.75 ms, found 1 plugins.
Preloading 0 native plugins for Editor in 0.00 ms.
Unloading 1775 Unused Serialized files (Serialized files now loaded: 0)
System memory in use before: 85.4 MB.
System memory in use after: 84.9 MB.

Unloading 21 unused Assets to reduce memory usage. Loaded Objects now: 2221.
Total: 4.421700 ms (FindLiveObjects: 0.538000 ms CreateObjectMapping: 0.274600 ms MarkObjects: 2.902100 ms  DeleteObjects: 0.703900 ms)

========================================================================
Received Import Request.
  Time since last request: 922.874963 seconds.
  path: Assets/_Scripts/WordManager.cs
  artifactKey: Guid(243c2dc29c504db4888cd1a7f93789f9) Importer(815301076,1909f56bfc062723c751e8b465ee728b)
Start importing Assets/_Scripts/WordManager.cs using Guid(243c2dc29c504db4888cd1a7f93789f9) Importer(815301076,1909f56bfc062723c751e8b465ee728b)  -> (artifact id: '59a1a32cde858ecd467dda892d6dc6f0') in 0.082555 seconds
  Import took 0.087337 seconds .

========================================================================
Received Prepare
Registering precompiled user dll's ...
Registered in 0.002789 seconds.
Begin MonoManager ReloadAssembly
Native extension for WindowsStandalone target not found
Refreshing native plugins compatible for Editor in 0.77 ms, found 1 plugins.
Preloading 0 native plugins for Editor in 0.00 ms.
Invoked RoslynAnalysisRunner static constructor.
RoslynAnalysisRunner will not be running.
RoslynAnalysisRunner has terminated.
Mono: successfully reloaded assembly
- Completed reload, in  1.456 seconds
Platform modules already initialized, skipping
Refreshing native plugins compatible for Editor in 0.48 ms, found 1 plugins.
Preloading 0 native plugins for Editor in 0.00 ms.
Unloading 1775 Unused Serialized files (Serialized files now loaded: 0)
System memory in use before: 85.5 MB.
System memory in use after: 85.0 MB.

Unloading 21 unused Assets to reduce memory usage. Loaded Objects now: 2223.
Total: 3.434300 ms (FindLiveObjects: 0.299500 ms CreateObjectMapping: 0.185500 ms MarkObjects: 2.479600 ms  DeleteObjects: 0.468100 ms)

========================================================================
Received Import Request.
  Time since last request: 932.722165 seconds.
  path: Assets/_Scripts/Letter.cs
  artifactKey: Guid(109f95af210cd2144b8d5599296b8764) Importer(815301076,1909f56bfc062723c751e8b465ee728b)
Start importing Assets/_Scripts/Letter.cs using Guid(109f95af210cd2144b8d5599296b8764) Importer(815301076,1909f56bfc062723c751e8b465ee728b)  -> (artifact id: 'abb02863cab30a1d12d19e75e6bd169a') in 0.010078 seconds
  Import took 0.014717 seconds .

========================================================================
Received Import Request.
  Time since last request: 864.794059 seconds.
  path: Assets
  artifactKey: Guid(00000000000000001000000000000000) Importer(815301076,1909f56bfc062723c751e8b465ee728b)
Start importing Assets using Guid(00000000000000001000000000000000) Importer(815301076,1909f56bfc062723c751e8b465ee728b)  -> (artifact id: '653ce283d384579a24208b2e4d727c2a') in 0.010128 seconds
  Import took 0.017001 seconds .

========================================================================
Received Import Request.
  Time since last request: 3.803043 seconds.
  path: Assets/Resources
  artifactKey: Guid(3537c854b7dd8604491c9e132e934b05) Importer(815301076,1909f56bfc062723c751e8b465ee728b)
Start importing Assets/Resources using Guid(3537c854b7dd8604491c9e132e934b05) Importer(815301076,1909f56bfc062723c751e8b465ee728b)  -> (artifact id: '07de57364ca49b0601a0bbddc6d0d976') in 0.008943 seconds
  Import took 0.013658 seconds .

========================================================================
Received Import Request.
  Time since last request: 13.495163 seconds.
  path: Assets/Resources/s.cs
  artifactKey: Guid(c6f0e8b99d8c3d54183cc19af7915cc4) Importer(815301076,1909f56bfc062723c751e8b465ee728b)
Start importing Assets/Resources/s.cs using Guid(c6f0e8b99d8c3d54183cc19af7915cc4) Importer(815301076,1909f56bfc062723c751e8b465ee728b)  -> (artifact id: 'fe5e2dfee19a35a41b3916845b7fc2bb') in 0.010919 seconds
  Import took 0.020030 seconds .

========================================================================
Received Prepare
Registering precompiled user dll's ...
Registered in 0.001958 seconds.
Begin MonoManager ReloadAssembly
Native extension for WindowsStandalone target not found
Refreshing native plugins compatible for Editor in 0.48 ms, found 1 plugins.
Preloading 0 native plugins for Editor in 0.00 ms.
Invoked RoslynAnalysisRunner static constructor.
RoslynAnalysisRunner will not be running.
RoslynAnalysisRunner has terminated.
Mono: successfully reloaded assembly
- Completed reload, in  1.324 seconds
Platform modules already initialized, skipping
Refreshing native plugins compatible for Editor in 0.50 ms, found 1 plugins.
Preloading 0 native plugins for Editor in 0.00 ms.
Unloading 1776 Unused Serialized files (Serialized files now loaded: 0)
System memory in use before: 85.5 MB.
System memory in use after: 85.0 MB.

Unloading 21 unused Assets to reduce memory usage. Loaded Objects now: 2226.
Total: 3.476200 ms (FindLiveObjects: 0.290700 ms CreateObjectMapping: 0.180800 ms MarkObjects: 2.553500 ms  DeleteObjects: 0.449700 ms)

========================================================================
Received Prepare
Registering precompiled user dll's ...
Registered in 0.002192 seconds.
Begin MonoManager ReloadAssembly
Native extension for WindowsStandalone target not found
Refreshing native plugins compatible for Editor in 0.51 ms, found 1 plugins.
Preloading 0 native plugins for Editor in 0.00 ms.
Invoked RoslynAnalysisRunner static constructor.
RoslynAnalysisRunner will not be running.
RoslynAnalysisRunner has terminated.
Mono: successfully reloaded assembly
- Completed reload, in  1.319 seconds
Platform modules already initialized, skipping
Refreshing native plugins compatible for Editor in 0.46 ms, found 1 plugins.
Preloading 0 native plugins for Editor in 0.00 ms.
Unloading 1776 Unused Serialized files (Serialized files now loaded: 0)
System memory in use before: 85.5 MB.
System memory in use after: 85.0 MB.

Unloading 21 unused Assets to reduce memory usage. Loaded Objects now: 2228.
Total: 3.447400 ms (FindLiveObjects: 0.273900 ms CreateObjectMapping: 0.180700 ms MarkObjects: 2.538800 ms  DeleteObjects: 0.452500 ms)

========================================================================
Received Prepare
Registering precompiled user dll's ...
Registered in 0.002656 seconds.
Begin MonoManager ReloadAssembly
Native extension for WindowsStandalone target not found
Refreshing native plugins compatible for Editor in 0.47 ms, found 1 plugins.
Preloading 0 native plugins for Editor in 0.00 ms.
Invoked RoslynAnalysisRunner static constructor.
RoslynAnalysisRunner will not be running.
RoslynAnalysisRunner has terminated.
Mono: successfully reloaded assembly
- Completed reload, in  1.405 seconds
Platform modules already initialized, skipping
Refreshing native plugins compatible for Editor in 0.47 ms, found 1 plugins.
Preloading 0 native plugins for Editor in 0.00 ms.
Unloading 1775 Unused Serialized files (Serialized files now loaded: 0)
System memory in use before: 85.5 MB.
System memory in use after: 85.0 MB.

Unloading 21 unused Assets to reduce memory usage. Loaded Objects now: 2230.
Total: 3.689400 ms (FindLiveObjects: 0.417100 ms CreateObjectMapping: 0.184100 ms MarkObjects: 2.632800 ms  DeleteObjects: 0.454200 ms)

========================================================================
Received Prepare
Registering precompiled user dll's ...
Registered in 0.001986 seconds.
Begin MonoManager ReloadAssembly
Native extension for WindowsStandalone target not found
Refreshing native plugins compatible for Editor in 0.64 ms, found 1 plugins.
Preloading 0 native plugins for Editor in 0.00 ms.
Invoked RoslynAnalysisRunner static constructor.
RoslynAnalysisRunner will not be running.
RoslynAnalysisRunner has terminated.
Mono: successfully reloaded assembly
- Completed reload, in  1.597 seconds
Platform modules already initialized, skipping
Refreshing native plugins compatible for Editor in 0.51 ms, found 1 plugins.
Preloading 0 native plugins for Editor in 0.00 ms.
Unloading 1776 Unused Serialized files (Serialized files now loaded: 0)
System memory in use before: 85.5 MB.
System memory in use after: 85.0 MB.

Unloading 21 unused Assets to reduce memory usage. Loaded Objects now: 2233.
Total: 4.127800 ms (FindLiveObjects: 0.525400 ms CreateObjectMapping: 0.222400 ms MarkObjects: 2.751200 ms  DeleteObjects: 0.626200 ms)

========================================================================
Received Prepare
Registering precompiled user dll's ...
Registered in 0.002460 seconds.
Begin MonoManager ReloadAssembly
Native extension for WindowsStandalone target not found
Refreshing native plugins compatible for Editor in 0.48 ms, found 1 plugins.
Preloading 0 native plugins for Editor in 0.00 ms.
Invoked RoslynAnalysisRunner static constructor.
RoslynAnalysisRunner will not be running.
RoslynAnalysisRunner has terminated.
Mono: successfully reloaded assembly
- Completed reload, in  1.375 seconds
Platform modules already initialized, skipping
Refreshing native plugins compatible for Editor in 0.46 ms, found 1 plugins.
Preloading 0 native plugins for Editor in 0.00 ms.
Unloading 1776 Unused Serialized files (Serialized files now loaded: 0)
System memory in use before: 85.5 MB.
System memory in use after: 85.0 MB.

Unloading 21 unused Assets to reduce memory usage. Loaded Objects now: 2235.
Total: 3.536900 ms (FindLiveObjects: 0.279500 ms CreateObjectMapping: 0.177500 ms MarkObjects: 2.601600 ms  DeleteObjects: 0.476800 ms)

========================================================================
Received Prepare
Registering precompiled user dll's ...
Registered in 0.001918 seconds.
Begin MonoManager ReloadAssembly
Native extension for WindowsStandalone target not found
Refreshing native plugins compatible for Editor in 0.47 ms, found 1 plugins.
Preloading 0 native plugins for Editor in 0.00 ms.
Invoked RoslynAnalysisRunner static constructor.
RoslynAnalysisRunner will not be running.
RoslynAnalysisRunner has terminated.
Mono: successfully reloaded assembly
- Completed reload, in  1.513 seconds
Platform modules already initialized, skipping
Refreshing native plugins compatible for Editor in 0.52 ms, found 1 plugins.
Preloading 0 native plugins for Editor in 0.00 ms.
Unloading 1776 Unused Serialized files (Serialized files now loaded: 0)
System memory in use before: 85.5 MB.
System memory in use after: 85.0 MB.

Unloading 21 unused Assets to reduce memory usage. Loaded Objects now: 2237.
Total: 3.304200 ms (FindLiveObjects: 0.232100 ms CreateObjectMapping: 0.098900 ms MarkObjects: 2.443100 ms  DeleteObjects: 0.528500 ms)

========================================================================
Received Import Request.
  Time since last request: 2997.161519 seconds.
  path: Assets/_Scripts/WordManager.cs
  artifactKey: Guid(243c2dc29c504db4888cd1a7f93789f9) Importer(815301076,1909f56bfc062723c751e8b465ee728b)
Start importing Assets/_Scripts/WordManager.cs using Guid(243c2dc29c504db4888cd1a7f93789f9) Importer(815301076,1909f56bfc062723c751e8b465ee728b)  -> (artifact id: '07d3d12b47784fdcb3fbcb899dd1ff69') in 0.018853 seconds
  Import took 0.027224 seconds .

========================================================================
Received Prepare
Registering precompiled user dll's ...
Registered in 0.002802 seconds.
Begin MonoManager ReloadAssembly
Native extension for WindowsStandalone target not found
Refreshing native plugins compatible for Editor in 0.64 ms, found 1 plugins.
Preloading 0 native plugins for Editor in 0.00 ms.
Invoked RoslynAnalysisRunner static constructor.
RoslynAnalysisRunner will not be running.
RoslynAnalysisRunner has terminated.
Mono: successfully reloaded assembly
- Completed reload, in  1.656 seconds
Platform modules already initialized, skipping
Refreshing native plugins compatible for Editor in 0.85 ms, found 1 plugins.
Preloading 0 native plugins for Editor in 0.00 ms.
Unloading 1776 Unused Serialized files (Serialized files now loaded: 0)
System memory in use before: 85.6 MB.
System memory in use after: 85.0 MB.

Unloading 21 unused Assets to reduce memory usage. Loaded Objects now: 2239.
Total: 6.876100 ms (FindLiveObjects: 1.045600 ms CreateObjectMapping: 0.333700 ms MarkObjects: 4.721000 ms  DeleteObjects: 0.773600 ms)

========================================================================
Received Import Request.
  Time since last request: 1040.263363 seconds.
  path: Assets/_Scripts/WordManager.cs
  artifactKey: Guid(243c2dc29c504db4888cd1a7f93789f9) Importer(815301076,1909f56bfc062723c751e8b465ee728b)
Start importing Assets/_Scripts/WordManager.cs using Guid(243c2dc29c504db4888cd1a7f93789f9) Importer(815301076,1909f56bfc062723c751e8b465ee728b)  -> (artifact id: 'e0157e818fcef25c8ea134ea974a5438') in 0.011672 seconds
  Import took 0.016661 seconds .

========================================================================
Received Prepare
Registering precompiled user dll's ...
Registered in 0.003137 seconds.
Begin MonoManager ReloadAssembly
Native extension for WindowsStandalone target not found
Refreshing native plugins compatible for Editor in 0.56 ms, found 1 plugins.
Preloading 0 native plugins for Editor in 0.00 ms.
Invoked RoslynAnalysisRunner static constructor.
RoslynAnalysisRunner will not be running.
RoslynAnalysisRunner has terminated.
Mono: successfully reloaded assembly
- Completed reload, in  1.805 seconds
Platform modules already initialized, skipping
Refreshing native plugins compatible for Editor in 0.58 ms, found 1 plugins.
Preloading 0 native plugins for Editor in 0.00 ms.
Unloading 1776 Unused Serialized files (Serialized files now loaded: 0)
System memory in use before: 85.6 MB.
System memory in use after: 85.1 MB.

Unloading 21 unused Assets to reduce memory usage. Loaded Objects now: 2241.
Total: 4.233200 ms (FindLiveObjects: 0.258000 ms CreateObjectMapping: 0.098300 ms MarkObjects: 2.944600 ms  DeleteObjects: 0.930100 ms)

========================================================================
Received Prepare
Registering precompiled user dll's ...
Registered in 0.004034 seconds.
Begin MonoManager ReloadAssembly
Native extension for WindowsStandalone target not found
Refreshing native plugins compatible for Editor in 0.55 ms, found 1 plugins.
Preloading 0 native plugins for Editor in 0.00 ms.
Invoked RoslynAnalysisRunner static constructor.
RoslynAnalysisRunner will not be running.
RoslynAnalysisRunner has terminated.
Mono: successfully reloaded assembly
- Completed reload, in  1.787 seconds
Platform modules already initialized, skipping
Refreshing native plugins compatible for Editor in 0.61 ms, found 1 plugins.
Preloading 0 native plugins for Editor in 0.00 ms.
Unloading 1776 Unused Serialized files (Serialized files now loaded: 0)
System memory in use before: 85.6 MB.
System memory in use after: 85.1 MB.

Unloading 21 unused Assets to reduce memory usage. Loaded Objects now: 2243.
Total: 3.359800 ms (FindLiveObjects: 0.220000 ms CreateObjectMapping: 0.098200 ms MarkObjects: 2.512300 ms  DeleteObjects: 0.527700 ms)

========================================================================
Received Prepare
Registering precompiled user dll's ...
Registered in 0.003280 seconds.
Begin MonoManager ReloadAssembly
Native extension for WindowsStandalone target not found
Refreshing native plugins compatible for Editor in 0.94 ms, found 1 plugins.
Preloading 0 native plugins for Editor in 0.00 ms.
Invoked RoslynAnalysisRunner static constructor.
RoslynAnalysisRunner will not be running.
RoslynAnalysisRunner has terminated.
Mono: successfully reloaded assembly
- Completed reload, in  2.107 seconds
Platform modules already initialized, skipping
Refreshing native plugins compatible for Editor in 0.60 ms, found 1 plugins.
Preloading 0 native plugins for Editor in 0.00 ms.
Unloading 1776 Unused Serialized files (Serialized files now loaded: 0)
System memory in use before: 85.6 MB.
System memory in use after: 85.1 MB.

Unloading 21 unused Assets to reduce memory usage. Loaded Objects now: 2245.
Total: 4.716100 ms (FindLiveObjects: 0.484400 ms CreateObjectMapping: 0.117900 ms MarkObjects: 3.540700 ms  DeleteObjects: 0.570900 ms)

========================================================================
Received Prepare
Registering precompiled user dll's ...
Registered in 0.002413 seconds.
Begin MonoManager ReloadAssembly
Native extension for WindowsStandalone target not found
Refreshing native plugins compatible for Editor in 0.85 ms, found 1 plugins.
Preloading 0 native plugins for Editor in 0.00 ms.
Invoked RoslynAnalysisRunner static constructor.
RoslynAnalysisRunner will not be running.
RoslynAnalysisRunner has terminated.
Mono: successfully reloaded assembly
- Completed reload, in  2.510 seconds
Platform modules already initialized, skipping
Refreshing native plugins compatible for Editor in 0.51 ms, found 1 plugins.
Preloading 0 native plugins for Editor in 0.00 ms.
Unloading 1777 Unused Serialized files (Serialized files now loaded: 0)
System memory in use before: 85.6 MB.
System memory in use after: 85.1 MB.

Unloading 21 unused Assets to reduce memory usage. Loaded Objects now: 2248.
Total: 3.422600 ms (FindLiveObjects: 0.395200 ms CreateObjectMapping: 0.148800 ms MarkObjects: 2.351200 ms  DeleteObjects: 0.523900 ms)

========================================================================
Received Prepare
Registering precompiled user dll's ...
Registered in 0.002003 seconds.
Begin MonoManager ReloadAssembly
Native extension for WindowsStandalone target not found
Refreshing native plugins compatible for Editor in 0.51 ms, found 1 plugins.
Preloading 0 native plugins for Editor in 0.00 ms.
Invoked RoslynAnalysisRunner static constructor.
RoslynAnalysisRunner will not be running.
RoslynAnalysisRunner has terminated.
Mono: successfully reloaded assembly
- Completed reload, in  1.741 seconds
Platform modules already initialized, skipping
Refreshing native plugins compatible for Editor in 0.53 ms, found 1 plugins.
Preloading 0 native plugins for Editor in 0.00 ms.
Unloading 1777 Unused Serialized files (Serialized files now loaded: 0)
System memory in use before: 85.6 MB.
System memory in use after: 85.1 MB.

Unloading 21 unused Assets to reduce memory usage. Loaded Objects now: 2250.
Total: 4.162000 ms (FindLiveObjects: 0.705800 ms CreateObjectMapping: 0.422300 ms MarkObjects: 2.559800 ms  DeleteObjects: 0.471800 ms)

========================================================================
Received Prepare
Registering precompiled user dll's ...
Registered in 0.005502 seconds.
Begin MonoManager ReloadAssembly
Native extension for WindowsStandalone target not found
Refreshing native plugins compatible for Editor in 0.64 ms, found 1 plugins.
Preloading 0 native plugins for Editor in 0.00 ms.
Invoked RoslynAnalysisRunner static constructor.
RoslynAnalysisRunner will not be running.
RoslynAnalysisRunner has terminated.
Mono: successfully reloaded assembly
- Completed reload, in  1.907 seconds
Platform modules already initialized, skipping
Refreshing native plugins compatible for Editor in 0.51 ms, found 1 plugins.
Preloading 0 native plugins for Editor in 0.00 ms.
Unloading 1777 Unused Serialized files (Serialized files now loaded: 0)
System memory in use before: 85.6 MB.
System memory in use after: 85.1 MB.

Unloading 21 unused Assets to reduce memory usage. Loaded Objects now: 2252.
Total: 4.279500 ms (FindLiveObjects: 0.472800 ms CreateObjectMapping: 0.346800 ms MarkObjects: 2.946100 ms  DeleteObjects: 0.509600 ms)

